/usr/bin/fontforge
/usr/bin/fontimage
/usr/bin/fontlint
/usr/bin/sfddiff
/usr/lib/libfontforge.a
/usr/lib/libfontforge.so
/usr/lib/libfontforge.so.2
/usr/lib/libfontforge.so.2.0.0
/usr/lib/libfontforgeexe.a
/usr/lib/libfontforgeexe.so
/usr/lib/libfontforgeexe.so.2
/usr/lib/libfontforgeexe.so.2.0.0
/usr/lib/libgioftp.a
/usr/lib/libgioftp.so
/usr/lib/libgioftp.so.2
/usr/lib/libgioftp.so.2.0.0
/usr/lib/libgunicode.a
/usr/lib/libgunicode.so
/usr/lib/libgunicode.so.4
/usr/lib/libgunicode.so.4.0.0
/usr/lib/libgutils.a
/usr/lib/libgutils.so
/usr/lib/libgutils.so.2
/usr/lib/libgutils.so.2.0.0
/usr/lib/python2.7/site-packages/fontforge.so
/usr/lib/python2.7/site-packages/psMat.so
/usr/share/doc/fontforge/.htaccess
/usr/share/doc/fontforge/AA-Comparison.html
/usr/share/doc/fontforge/AUTHORS
/usr/share/doc/fontforge/AddLookup-Liga.png
/usr/share/doc/fontforge/AmbrosiaFV-bm.png
/usr/share/doc/fontforge/AmbrosiaFV.png
/usr/share/doc/fontforge/Anna.gif
/usr/share/doc/fontforge/Antigone.gif
/usr/share/doc/fontforge/As.png
/usr/share/doc/fontforge/BASEdlg.png
/usr/share/doc/fontforge/BASEfeat.png
/usr/share/doc/fontforge/BASElang.png
/usr/share/doc/fontforge/BDFgrey.html
/usr/share/doc/fontforge/BethSans.png
/usr/share/doc/fontforge/BethSerif.png
/usr/share/doc/fontforge/BexpandBigSerifs.png
/usr/share/doc/fontforge/BexpandCJK.png
/usr/share/doc/fontforge/BexpandLCG.png
/usr/share/doc/fontforge/BexpandLCGsquish.png
/usr/share/doc/fontforge/Big5.txt
/usr/share/doc/fontforge/BitmapReference.png
/usr/share/doc/fontforge/BitmapView.png
/usr/share/doc/fontforge/BoldHiraDA.png
/usr/share/doc/fontforge/BottomSerif.png
/usr/share/doc/fontforge/Bperspective.png
/usr/share/doc/fontforge/C1.png
/usr/share/doc/fontforge/C10.png
/usr/share/doc/fontforge/C2.png
/usr/share/doc/fontforge/C3.png
/usr/share/doc/fontforge/C4.png
/usr/share/doc/fontforge/C5.png
/usr/share/doc/fontforge/C6.png
/usr/share/doc/fontforge/C7.png
/usr/share/doc/fontforge/C8.png
/usr/share/doc/fontforge/C9.png
/usr/share/doc/fontforge/COPYING.gplv3
/usr/share/doc/fontforge/CaslonOriginality.png
/usr/share/doc/fontforge/ChangeGlyph1Dlg.png
/usr/share/doc/fontforge/ChangeGlyph2Dlg.png
/usr/share/doc/fontforge/ChangeGlyph3Dlg.png
/usr/share/doc/fontforge/ChangeWeight.png
/usr/share/doc/fontforge/ChangeXHeightDlg.png
/usr/share/doc/fontforge/CharPrint.png
/usr/share/doc/fontforge/ClippedA.png
/usr/share/doc/fontforge/ClippedARaster.png
/usr/share/doc/fontforge/CondenseExtend.png
/usr/share/doc/fontforge/Constrain1_1.png
/usr/share/doc/fontforge/Constrain1_2.png
/usr/share/doc/fontforge/Constrain2_1.png
/usr/share/doc/fontforge/Constrain2_2.png
/usr/share/doc/fontforge/Cspirals.png
/usr/share/doc/fontforge/Cspiro0.png
/usr/share/doc/fontforge/Cspiro1.png
/usr/share/doc/fontforge/Cspiro10.png
/usr/share/doc/fontforge/Cspiro2.png
/usr/share/doc/fontforge/Cspiro3.png
/usr/share/doc/fontforge/Cspiro4.png
/usr/share/doc/fontforge/Cspiro5.png
/usr/share/doc/fontforge/Cspiro6.png
/usr/share/doc/fontforge/Cspiro6_5.png
/usr/share/doc/fontforge/Cspiro7.png
/usr/share/doc/fontforge/Cspiro8.png
/usr/share/doc/fontforge/Cspiro9.png
/usr/share/doc/fontforge/CyrilItalicComp.png
/usr/share/doc/fontforge/DisplayFonts.png
/usr/share/doc/fontforge/Eback.png
/usr/share/doc/fontforge/EbackTtf.png
/usr/share/doc/fontforge/Efore.png
/usr/share/doc/fontforge/EforeTtf.png
/usr/share/doc/fontforge/Ehinted.png
/usr/share/doc/fontforge/EhintedTtf.png
/usr/share/doc/fontforge/Eperspective.png
/usr/share/doc/fontforge/FF32.png
/usr/share/doc/fontforge/FFmacotfIcon.png
/usr/share/doc/fontforge/FFsfd32.png
/usr/share/doc/fontforge/FVHMetrics.png
/usr/share/doc/fontforge/FVVMetrics.png
/usr/share/doc/fontforge/FlatSerif.png
/usr/share/doc/fontforge/FontDisplay.png
/usr/share/doc/fontforge/FontForge.css
/usr/share/doc/fontforge/FontForgeSplash.png
/usr/share/doc/fontforge/FontImage.png
/usr/share/doc/fontforge/FontSample.png
/usr/share/doc/fontforge/GButton.png
/usr/share/doc/fontforge/GCancelButton.png
/usr/share/doc/fontforge/GComboBox.png
/usr/share/doc/fontforge/GComboBoxMenu.png
/usr/share/doc/fontforge/GDefaultButton.png
/usr/share/doc/fontforge/GDropList.png
/usr/share/doc/fontforge/GLabel.png
/usr/share/doc/fontforge/GListMark.png
/usr/share/doc/fontforge/GMatrixEdit.png
/usr/share/doc/fontforge/GNumericField.png
/usr/share/doc/fontforge/GNumericFieldSpinner.png
/usr/share/doc/fontforge/GRadio.png
/usr/share/doc/fontforge/GSUB-Order.png
/usr/share/doc/fontforge/GTextField.png
/usr/share/doc/fontforge/GenerateFamily.png
/usr/share/doc/fontforge/GenerateOptions.png
/usr/share/doc/fontforge/GenerateTTC.png
/usr/share/doc/fontforge/GlossaryFS.html
/usr/share/doc/fontforge/GlossaryFrame.html
/usr/share/doc/fontforge/GlyphSep-To.png
/usr/share/doc/fontforge/GlyphSep-rectangles.png
/usr/share/doc/fontforge/GradientDlg.png
/usr/share/doc/fontforge/GridFit.png
/usr/share/doc/fontforge/GridFitM.png
/usr/share/doc/fontforge/H-bm.png
/usr/share/doc/fontforge/H-gm.png
/usr/share/doc/fontforge/HI.hints.png
/usr/share/doc/fontforge/HI.nohints.png
/usr/share/doc/fontforge/HebrewMetrics.png
/usr/share/doc/fontforge/HebrewSerifs.png
/usr/share/doc/fontforge/Hints.png
/usr/share/doc/fontforge/HotKeys.html
/usr/share/doc/fontforge/IndexFS.html
/usr/share/doc/fontforge/IndexFrame.html
/usr/share/doc/fontforge/InsertTextDlg.html
/usr/share/doc/fontforge/InsertTxtDlg.png
/usr/share/doc/fontforge/ItalicCompCaslon.png
/usr/share/doc/fontforge/ItalicCompGalliard.png
/usr/share/doc/fontforge/ItalicDlg.png
/usr/share/doc/fontforge/JustOutside.png
/usr/share/doc/fontforge/JustifyDlg.png
/usr/share/doc/fontforge/JustifyExtenderDlg.png
/usr/share/doc/fontforge/JustifyLangDlg.png
/usr/share/doc/fontforge/JustifyLookupDlg.png
/usr/share/doc/fontforge/KernPairs.png
/usr/share/doc/fontforge/LICENSE
/usr/share/doc/fontforge/LinearGradient.png
/usr/share/doc/fontforge/MATH-Constants.png
/usr/share/doc/fontforge/MATH-Exten.png
/usr/share/doc/fontforge/MATH-GlyphConstructed.png
/usr/share/doc/fontforge/MATH-GlyphConstruction.png
/usr/share/doc/fontforge/MATH-GlyphConstructionDlg.png
/usr/share/doc/fontforge/MATH-Italic.png
/usr/share/doc/fontforge/MATH-MathKern.png
/usr/share/doc/fontforge/MATH-MathKernGraph.png
/usr/share/doc/fontforge/MATH-MathKernText.png
/usr/share/doc/fontforge/MATH-TopAccent.png
/usr/share/doc/fontforge/MATH-VertVariants.png
/usr/share/doc/fontforge/MacFeatName.png
/usr/share/doc/fontforge/MacMapping.png
/usr/share/doc/fontforge/MassRename.png
/usr/share/doc/fontforge/MenuWithMacIcons.png
/usr/share/doc/fontforge/MenuWithoutMacIcons.png
/usr/share/doc/fontforge/Metal-fontforge-600.jpeg
/usr/share/doc/fontforge/MetalType.jpeg
/usr/share/doc/fontforge/MetricsView-features.png
/usr/share/doc/fontforge/MetricsView.png
/usr/share/doc/fontforge/MultiPrint.png
/usr/share/doc/fontforge/NoPointHint.png
/usr/share/doc/fontforge/OFL-FAQ-Unofficial-fr.html
/usr/share/doc/fontforge/OFL-FAQ-Unofficial-vi.html
/usr/share/doc/fontforge/OFL-Unofficial-el.html
/usr/share/doc/fontforge/OFL-Unofficial-fr.html
/usr/share/doc/fontforge/OFL-Unofficial-pl.html
/usr/share/doc/fontforge/OFL-Unofficial-vi.html
/usr/share/doc/fontforge/OFL-Unofficial.html
/usr/share/doc/fontforge/OutlineInline.png
/usr/share/doc/fontforge/PageSetup.png
/usr/share/doc/fontforge/PathToBind.png
/usr/share/doc/fontforge/PfaEdit-TeX.html
/usr/share/doc/fontforge/PfaEdits.gif
/usr/share/doc/fontforge/PoV.png
/usr/share/doc/fontforge/Print.png
/usr/share/doc/fontforge/QGDlg.png
/usr/share/doc/fontforge/QGList.png
/usr/share/doc/fontforge/RadialGradient.png
/usr/share/doc/fontforge/RadialGradientDlg.png
/usr/share/doc/fontforge/ReviewHints.png
/usr/share/doc/fontforge/SelectByATT.png
/usr/share/doc/fontforge/Shades.png
/usr/share/doc/fontforge/Shades2.png
/usr/share/doc/fontforge/Shades4.png
/usr/share/doc/fontforge/ShadowWireframe.png
/usr/share/doc/fontforge/ShowGridFit.png
/usr/share/doc/fontforge/Sigma13x16.png
/usr/share/doc/fontforge/Sigma28x33.png
/usr/share/doc/fontforge/Sigma54x64.png
/usr/share/doc/fontforge/SmallcapsDlg.png
/usr/share/doc/fontforge/Spacem_1.png
/usr/share/doc/fontforge/Spacem_2.png
/usr/share/doc/fontforge/Styles.html
/usr/share/doc/fontforge/SubSuperDlg.png
/usr/share/doc/fontforge/SuggestDeltas.html
/usr/share/doc/fontforge/TTCvt.png
/usr/share/doc/fontforge/TTPoints.png
/usr/share/doc/fontforge/TTRaster.png
/usr/share/doc/fontforge/TTRegisters.png
/usr/share/doc/fontforge/TTStack.png
/usr/share/doc/fontforge/TTStorage.png
/usr/share/doc/fontforge/TTgloss.png
/usr/share/doc/fontforge/TextBoundDistortedGlyphs.png
/usr/share/doc/fontforge/TextBoundUnitaryGlyph.png
/usr/share/doc/fontforge/TextUnbound.png
/usr/share/doc/fontforge/Tile.png
/usr/share/doc/fontforge/TilePath.png
/usr/share/doc/fontforge/TilePath2.png
/usr/share/doc/fontforge/TilePattern.png
/usr/share/doc/fontforge/TilePatternDlg.png
/usr/share/doc/fontforge/TiledPattern.png
/usr/share/doc/fontforge/TiledPattern45.png
/usr/share/doc/fontforge/To-kerned.png
/usr/share/doc/fontforge/To-unkerned.png
/usr/share/doc/fontforge/Tricolor.png
/usr/share/doc/fontforge/TrueOpenTables.html
/usr/share/doc/fontforge/UniqueID.html
/usr/share/doc/fontforge/VerticalMetrics.png
/usr/share/doc/fontforge/aItalic.png
/usr/share/doc/fontforge/a_dieresis_macron.png
/usr/share/doc/fontforge/a_with_anchor.png
/usr/share/doc/fontforge/aacutebase.png
/usr/share/doc/fontforge/aacutemid.png
/usr/share/doc/fontforge/accented.html
/usr/share/doc/fontforge/acenter.png
/usr/share/doc/fontforge/acorn2sfd.html
/usr/share/doc/fontforge/addlookup-kern.png
/usr/share/doc/fontforge/agetinfo.png
/usr/share/doc/fontforge/agrave_anchored.png
/usr/share/doc/fontforge/ahighest.png
/usr/share/doc/fontforge/alignedBaselines.png
/usr/share/doc/fontforge/allgreek.png
/usr/share/doc/fontforge/alphakappaiota.png
/usr/share/doc/fontforge/alphakappaiotatheta.png
/usr/share/doc/fontforge/anchorcontrol-base.png
/usr/share/doc/fontforge/anchorcontrol-mark.png
/usr/share/doc/fontforge/anchorcontrol.html
/usr/share/doc/fontforge/arabic-seen.png
/usr/share/doc/fontforge/asm1.png
/usr/share/doc/fontforge/asm2.png
/usr/share/doc/fontforge/asm3.png
/usr/share/doc/fontforge/asm4.png
/usr/share/doc/fontforge/autotrace.html
/usr/share/doc/fontforge/autowidth.html
/usr/share/doc/fontforge/autowidth.png
/usr/share/doc/fontforge/baseline.html
/usr/share/doc/fontforge/bdfinfo.html
/usr/share/doc/fontforge/bdfinfo.png
/usr/share/doc/fontforge/bed-script.png
/usr/share/doc/fontforge/bezier.gif
/usr/share/doc/fontforge/bezier.html
/usr/share/doc/fontforge/bibliography.html
/usr/share/doc/fontforge/bitmapchar.png
/usr/share/doc/fontforge/bitmaponlysfnt.html
/usr/share/doc/fontforge/bitmapsavail.png
/usr/share/doc/fontforge/bitmapview.html
/usr/share/doc/fontforge/boustrophedon.png
/usr/share/doc/fontforge/bowlweb.gif
/usr/share/doc/fontforge/bvlayers.png
/usr/share/doc/fontforge/bvtools.png
/usr/share/doc/fontforge/cap-height.png
/usr/share/doc/fontforge/changelog.html
/usr/share/doc/fontforge/charinfo-comment.png
/usr/share/doc/fontforge/charinfo-comp.png
/usr/share/doc/fontforge/charinfo-counters.png
/usr/share/doc/fontforge/charinfo-lig.png
/usr/share/doc/fontforge/charinfo-pos.png
/usr/share/doc/fontforge/charinfo-subs.png
/usr/share/doc/fontforge/charinfo-tex.png
/usr/share/doc/fontforge/charinfo-tilesize.png
/usr/share/doc/fontforge/charinfo-variants.png
/usr/share/doc/fontforge/charinfo.html
/usr/share/doc/fontforge/charinfo.png
/usr/share/doc/fontforge/charview-multilayer.png
/usr/share/doc/fontforge/charview-quadratic.png
/usr/share/doc/fontforge/charview-vert.png
/usr/share/doc/fontforge/charview.html
/usr/share/doc/fontforge/charview2.png
/usr/share/doc/fontforge/charwithhintmask.png
/usr/share/doc/fontforge/cidmapformat.html
/usr/share/doc/fontforge/cidmenu.html
/usr/share/doc/fontforge/cliargs.html
/usr/share/doc/fontforge/colorbutton.png
/usr/share/doc/fontforge/colorpicker.jpeg
/usr/share/doc/fontforge/contextchain-class.png
/usr/share/doc/fontforge/contextchain-classlist.png
/usr/share/doc/fontforge/contextchain-coverage.png
/usr/share/doc/fontforge/contextchain-format.png
/usr/share/doc/fontforge/contextchain-glyphlists.png
/usr/share/doc/fontforge/contextchain-pickglyph.png
/usr/share/doc/fontforge/contextchain-rcover.png
/usr/share/doc/fontforge/contextchain-simpleclasses.png
/usr/share/doc/fontforge/contextchain-simplecoverage.png
/usr/share/doc/fontforge/contextchain-simpleglyph.png
/usr/share/doc/fontforge/contextchain.html
/usr/share/doc/fontforge/copyfeatures.png
/usr/share/doc/fontforge/corpchar.html
/usr/share/doc/fontforge/corpchar.txt
/usr/share/doc/fontforge/cpinfo.png
/usr/share/doc/fontforge/cpodd.png
/usr/share/doc/fontforge/cubic2quad.png
/usr/share/doc/fontforge/cvarrowicon.png
/usr/share/doc/fontforge/cvcornericon.png
/usr/share/doc/fontforge/cvcurveicon.png
/usr/share/doc/fontforge/cvdebug.png
/usr/share/doc/fontforge/cvellipseicon.png
/usr/share/doc/fontforge/cvflipicon.png
/usr/share/doc/fontforge/cvfreehandicon.png
/usr/share/doc/fontforge/cvhandicon.png
/usr/share/doc/fontforge/cvhvcurveicon.png
/usr/share/doc/fontforge/cvknifeicon.png
/usr/share/doc/fontforge/cvmagicon.png
/usr/share/doc/fontforge/cvpenicon.png
/usr/share/doc/fontforge/cvperspectiveicon.png
/usr/share/doc/fontforge/cvpolyicon.png
/usr/share/doc/fontforge/cvrecticon.png
/usr/share/doc/fontforge/cvrotate3dicon.png
/usr/share/doc/fontforge/cvrotateicon.png
/usr/share/doc/fontforge/cvrulericon.png
/usr/share/doc/fontforge/cvscaleicon.png
/usr/share/doc/fontforge/cvskewicon.png
/usr/share/doc/fontforge/cvspiroG2icon.png
/usr/share/doc/fontforge/cvspiroG4icon.png
/usr/share/doc/fontforge/cvspirocornericon.png
/usr/share/doc/fontforge/cvspirolefticon.png
/usr/share/doc/fontforge/cvspiromodeicon.png
/usr/share/doc/fontforge/cvspirorighticon.png
/usr/share/doc/fontforge/cvstaricon.png
/usr/share/doc/fontforge/cvt-to-mac.png
/usr/share/doc/fontforge/cvtangenticon.png
/usr/share/doc/fontforge/definegroups.png
/usr/share/doc/fontforge/delta0.png
/usr/share/doc/fontforge/delta1.png
/usr/share/doc/fontforge/devaBaseline.png
/usr/share/doc/fontforge/devaHangBaseline.png
/usr/share/doc/fontforge/devaLatinBaseline.png
/usr/share/doc/fontforge/diffs.html
/usr/share/doc/fontforge/display.html
/usr/share/doc/fontforge/displaygroups.png
/usr/share/doc/fontforge/donate.png
/usr/share/doc/fontforge/doublestruck-B.png
/usr/share/doc/fontforge/eItalic.png
/usr/share/doc/fontforge/editcvt.png
/usr/share/doc/fontforge/editexample-fr.html
/usr/share/doc/fontforge/editexample.html
/usr/share/doc/fontforge/editexample2.html
/usr/share/doc/fontforge/editexample3.html
/usr/share/doc/fontforge/editexample4.html
/usr/share/doc/fontforge/editexample5.html
/usr/share/doc/fontforge/editexample6-5.html
/usr/share/doc/fontforge/editexample6.html
/usr/share/doc/fontforge/editexample7.html
/usr/share/doc/fontforge/editexample8.html
/usr/share/doc/fontforge/editmenu.html
/usr/share/doc/fontforge/editspiro.html
/usr/share/doc/fontforge/edittransition-context.png
/usr/share/doc/fontforge/edittransition-indic.png
/usr/share/doc/fontforge/edittransition-insert.png
/usr/share/doc/fontforge/edittransition-kern.png
/usr/share/doc/fontforge/elementmenu.html
/usr/share/doc/fontforge/emptyfont-A-sel.png
/usr/share/doc/fontforge/emptyhlig.png
/usr/share/doc/fontforge/encodingmenu.html
/usr/share/doc/fontforge/errrecovery.html
/usr/share/doc/fontforge/exclude-post.png
/usr/share/doc/fontforge/exclude-pre.png
/usr/share/doc/fontforge/expand-joint-post.png
/usr/share/doc/fontforge/expand-joint-pre.png
/usr/share/doc/fontforge/expand-post.png
/usr/share/doc/fontforge/expand-pre.png
/usr/share/doc/fontforge/expandedlines.png
/usr/share/doc/fontforge/expandstroke.png
/usr/share/doc/fontforge/extrema-poi.png
/usr/share/doc/fontforge/f+i.png
/usr/share/doc/fontforge/fItalic.png
/usr/share/doc/fontforge/faq.html
/usr/share/doc/fontforge/faqFS.html
/usr/share/doc/fontforge/faqFrame.html
/usr/share/doc/fontforge/featsetdlg.png
/usr/share/doc/fontforge/featurefile.html
/usr/share/doc/fontforge/ff-history.html
/usr/share/doc/fontforge/ffanvil16.png
/usr/share/doc/fontforge/ffanvil300.png
/usr/share/doc/fontforge/ffanvil32.png
/usr/share/doc/fontforge/ffcartouche.png
/usr/share/doc/fontforge/ffdownload.png
/usr/share/doc/fontforge/ffi-caret.png
/usr/share/doc/fontforge/ffi-moved.png
/usr/share/doc/fontforge/ffi-refs.png
/usr/share/doc/fontforge/ffi-rmoverlap.png
/usr/share/doc/fontforge/ffi-unlink.png
/usr/share/doc/fontforge/fftype16.png
/usr/share/doc/fontforge/fftype300.svg
/usr/share/doc/fontforge/fftype32.png
/usr/share/doc/fontforge/fi.png
/usr/share/doc/fontforge/filemenu.html
/usr/share/doc/fontforge/files.html
/usr/share/doc/fontforge/findprobs-att.png
/usr/share/doc/fontforge/findprobs-bb.png
/usr/share/doc/fontforge/findprobs-cid.png
/usr/share/doc/fontforge/findprobs-hint.png
/usr/share/doc/fontforge/findprobs-paths.png
/usr/share/doc/fontforge/findprobs-random.png
/usr/share/doc/fontforge/findprobs-refs.png
/usr/share/doc/fontforge/findprobs.png
/usr/share/doc/fontforge/flags/BrasilFlag.png
/usr/share/doc/fontforge/flags/English.gif
/usr/share/doc/fontforge/flags/GermanFlag.png
/usr/share/doc/fontforge/flags/Greece.png
/usr/share/doc/fontforge/flags/Nisshoki-Japan.png
/usr/share/doc/fontforge/flags/Polish.png
/usr/share/doc/fontforge/flags/RussianFlag.png
/usr/share/doc/fontforge/flags/StarsStripes.gif
/usr/share/doc/fontforge/flags/Tricolor.gif
/usr/share/doc/fontforge/flags/UnionJack.gif
/usr/share/doc/fontforge/flags/VietnamFlag.png
/usr/share/doc/fontforge/flags/taiwan.png
/usr/share/doc/fontforge/floating-A.png
/usr/share/doc/fontforge/fontcompdlg.png
/usr/share/doc/fontforge/fontcompresults.png
/usr/share/doc/fontforge/fontforge-banner-420.jpeg
/usr/share/doc/fontforge/fontforge-themes.html
/usr/share/doc/fontforge/fontforge-tutorial.pdf
/usr/share/doc/fontforge/fontimage.html
/usr/share/doc/fontforge/fontinfo-charsets.png
/usr/share/doc/fontforge/fontinfo-cid.png
/usr/share/doc/fontforge/fontinfo-comment.png
/usr/share/doc/fontforge/fontinfo-gasp.png
/usr/share/doc/fontforge/fontinfo-general.png
/usr/share/doc/fontforge/fontinfo-layers.png
/usr/share/doc/fontforge/fontinfo-lookups.png
/usr/share/doc/fontforge/fontinfo-macfeat.png
/usr/share/doc/fontforge/fontinfo-macstyle.png
/usr/share/doc/fontforge/fontinfo-markclasses.png
/usr/share/doc/fontforge/fontinfo-marksets.png
/usr/share/doc/fontforge/fontinfo-panose.png
/usr/share/doc/fontforge/fontinfo-private.png
/usr/share/doc/fontforge/fontinfo-psuid.png
/usr/share/doc/fontforge/fontinfo-size.png
/usr/share/doc/fontforge/fontinfo-ssnames.png
/usr/share/doc/fontforge/fontinfo-subsup.png
/usr/share/doc/fontforge/fontinfo-tex.png
/usr/share/doc/fontforge/fontinfo-ttfmetrics.png
/usr/share/doc/fontforge/fontinfo-ttfname-bigedit.png
/usr/share/doc/fontforge/fontinfo-ttfname.png
/usr/share/doc/fontforge/fontinfo-ttfvals.png
/usr/share/doc/fontforge/fontinfo-unicode.png
/usr/share/doc/fontforge/fontinfo-woff.png
/usr/share/doc/fontforge/fontinfo.html
/usr/share/doc/fontforge/fontinfo.png
/usr/share/doc/fontforge/fontlint.html
/usr/share/doc/fontforge/fontstyles.html
/usr/share/doc/fontforge/fontutils.html
/usr/share/doc/fontforge/fontview-cid.png
/usr/share/doc/fontforge/fontview-grouped.png
/usr/share/doc/fontforge/fontview.fr.png
/usr/share/doc/fontforge/fontview.html
/usr/share/doc/fontforge/fontview.ru.png
/usr/share/doc/fontforge/fraktur-A.png
/usr/share/doc/fontforge/freehandctl.png
/usr/share/doc/fontforge/future.html
/usr/share/doc/fontforge/fv-normal.png
/usr/share/doc/fontforge/fv-smallcaps.png
/usr/share/doc/fontforge/fvOutOfDateHinting.png
/usr/share/doc/fontforge/generate-upload.png
/usr/share/doc/fontforge/generate.html
/usr/share/doc/fontforge/generate.png
/usr/share/doc/fontforge/getinfo.html
/usr/share/doc/fontforge/glossary.html
/usr/share/doc/fontforge/glyphinfo-one.png
/usr/share/doc/fontforge/gposgsub.html
/usr/share/doc/fontforge/grave_with_anchor.png
/usr/share/doc/fontforge/greymapedit.png
/usr/share/doc/fontforge/greymapsavail.png
/usr/share/doc/fontforge/groups.html
/usr/share/doc/fontforge/helpmenu.html
/usr/share/doc/fontforge/hexley.png
/usr/share/doc/fontforge/hintboundingbox.png
/usr/share/doc/fontforge/hintdiagonalends.png
/usr/share/doc/fontforge/hintdiagonalinter.png
/usr/share/doc/fontforge/hinting.html
/usr/share/doc/fontforge/hintmaskinfo.png
/usr/share/doc/fontforge/hintsmenu.html
/usr/share/doc/fontforge/histogram.html
/usr/share/doc/fontforge/histogram.png
/usr/share/doc/fontforge/hligaheadruledone.png
/usr/share/doc/fontforge/hligallrulesdone.png
/usr/share/doc/fontforge/hligback.png
/usr/share/doc/fontforge/hligbacknomatch.png
/usr/share/doc/fontforge/hligbackrule.png
/usr/share/doc/fontforge/hligbackruledone.png
/usr/share/doc/fontforge/hligbyclasses.png
/usr/share/doc/fontforge/hliggreekahead.png
/usr/share/doc/fontforge/hliggreekback.png
/usr/share/doc/fontforge/hliggreekclass.png
/usr/share/doc/fontforge/hligiotaclass.png
/usr/share/doc/fontforge/hligkappa.png
/usr/share/doc/fontforge/hligkappaclass.png
/usr/share/doc/fontforge/hligkappaiota.png
/usr/share/doc/fontforge/hligmatchsubs.png
/usr/share/doc/fontforge/hlignewrule.png
/usr/share/doc/fontforge/hligrule.png
/usr/share/doc/fontforge/hligseqdlg.png
/usr/share/doc/fontforge/hotkeys.jpeg
/usr/share/doc/fontforge/i1.png
/usr/share/doc/fontforge/i2.png
/usr/share/doc/fontforge/i3.png
/usr/share/doc/fontforge/i4.png
/usr/share/doc/fontforge/import.png
/usr/share/doc/fontforge/importexample.html
/usr/share/doc/fontforge/index.html
/usr/share/doc/fontforge/intersect-post.png
/usr/share/doc/fontforge/justify.html
/usr/share/doc/fontforge/k1.png
/usr/share/doc/fontforge/k2.png
/usr/share/doc/fontforge/k3.png
/usr/share/doc/fontforge/k4.png
/usr/share/doc/fontforge/k5.png
/usr/share/doc/fontforge/k6.png
/usr/share/doc/fontforge/ka-change.png
/usr/share/doc/fontforge/kanjichar.png
/usr/share/doc/fontforge/kanjifont.png
/usr/share/doc/fontforge/kappa_iota-context.png
/usr/share/doc/fontforge/kappa_iota-lookup.png
/usr/share/doc/fontforge/kappa_iota-subtable.png
/usr/share/doc/fontforge/kappaiota-lookups.png
/usr/share/doc/fontforge/kappaiotatheta.png
/usr/share/doc/fontforge/kern-We-12.png
/usr/share/doc/fontforge/kern-We-150.png
/usr/share/doc/fontforge/kernbyclasses.png
/usr/share/doc/fontforge/kerningclass.png
/usr/share/doc/fontforge/kerningformat.png
/usr/share/doc/fontforge/kernpairclose.png
/usr/share/doc/fontforge/kernpairs.html
/usr/share/doc/fontforge/l1.png
/usr/share/doc/fontforge/l10.png
/usr/share/doc/fontforge/l2.png
/usr/share/doc/fontforge/l3.png
/usr/share/doc/fontforge/l4.png
/usr/share/doc/fontforge/l5.png
/usr/share/doc/fontforge/l6.png
/usr/share/doc/fontforge/l7.png
/usr/share/doc/fontforge/l8.png
/usr/share/doc/fontforge/l9.png
/usr/share/doc/fontforge/lang-dlg.png
/usr/share/doc/fontforge/latinBaseline.png
/usr/share/doc/fontforge/latinHangBaseline.png
/usr/share/doc/fontforge/latinNormalBaseline.png
/usr/share/doc/fontforge/layerdlg.png
/usr/share/doc/fontforge/layers.png
/usr/share/doc/fontforge/lcani.gif
/usr/share/doc/fontforge/lcdigits.png
/usr/share/doc/fontforge/license.html
/usr/share/doc/fontforge/logo3.gif
/usr/share/doc/fontforge/lookup-metadata.png
/usr/share/doc/fontforge/lookups.html
/usr/share/doc/fontforge/lparen-108.png
/usr/share/doc/fontforge/mItalic.png
/usr/share/doc/fontforge/mac-install.html
/usr/share/doc/fontforge/macFeatureSetting.png
/usr/share/doc/fontforge/macfeature.png
/usr/share/doc/fontforge/macformats.html
/usr/share/doc/fontforge/mad.html
/usr/share/doc/fontforge/manual-ja-hover.png
/usr/share/doc/fontforge/manual-ja.png
/usr/share/doc/fontforge/math.html
/usr/share/doc/fontforge/menu_down.png
/usr/share/doc/fontforge/mergepost.png
/usr/share/doc/fontforge/mergepre.png
/usr/share/doc/fontforge/metrics-kappa_iota.png
/usr/share/doc/fontforge/metricsmenu.html
/usr/share/doc/fontforge/metricsview.html
/usr/share/doc/fontforge/misalignedBaselines.png
/usr/share/doc/fontforge/mmappleaxes.png
/usr/share/doc/fontforge/mmaxes.png
/usr/share/doc/fontforge/mmcharview.png
/usr/share/doc/fontforge/mmcounts.png
/usr/share/doc/fontforge/mmdesigns.png
/usr/share/doc/fontforge/mmextrapolate2.png
/usr/share/doc/fontforge/mmfinal.png
/usr/share/doc/fontforge/mmfuncs.png
/usr/share/doc/fontforge/mmmenu.html
/usr/share/doc/fontforge/mmnamedstyles.png
/usr/share/doc/fontforge/mmnamingastyle.png
/usr/share/doc/fontforge/ms-install.html
/usr/share/doc/fontforge/multilayer.html
/usr/share/doc/fontforge/multiplemaster.html
/usr/share/doc/fontforge/newanchor.png
/usr/share/doc/fontforge/newcountermask.png
/usr/share/doc/fontforge/newfont.png
/usr/share/doc/fontforge/nix-install.html
/usr/share/doc/fontforge/non-linear.png
/usr/share/doc/fontforge/non-standard.html
/usr/share/doc/fontforge/nonBMP/index.html
/usr/share/doc/fontforge/nvd.html
/usr/share/doc/fontforge/o-baddir.png
/usr/share/doc/fontforge/o1.png
/usr/share/doc/fontforge/o2.png
/usr/share/doc/fontforge/o3.png
/usr/share/doc/fontforge/o4.png
/usr/share/doc/fontforge/o5.png
/usr/share/doc/fontforge/oldchangelog.html
/usr/share/doc/fontforge/openfont.png
/usr/share/doc/fontforge/otherlinks.html
/usr/share/doc/fontforge/outlinechar.png
/usr/share/doc/fontforge/overlappedlines.png
/usr/share/doc/fontforge/overshoot.png
/usr/share/doc/fontforge/overview.html
/usr/share/doc/fontforge/palmfonts.html
/usr/share/doc/fontforge/pcf-format.html
/usr/share/doc/fontforge/pfaeditchangelog.html
/usr/share/doc/fontforge/pfaeditmath.html
/usr/share/doc/fontforge/phi-hints-filled.png
/usr/share/doc/fontforge/phi-hints-outline.png
/usr/share/doc/fontforge/phi-nohints-filled.png
/usr/share/doc/fontforge/phi-nohints-outline.png
/usr/share/doc/fontforge/plugins.html
/usr/share/doc/fontforge/pnts.gif
/usr/share/doc/fontforge/pointinfo-interp.png
/usr/share/doc/fontforge/pointinfo.png
/usr/share/doc/fontforge/pointmenu.html
/usr/share/doc/fontforge/pointsize.png
/usr/share/doc/fontforge/prefs-accent.png
/usr/share/doc/fontforge/prefs-apps.png
/usr/share/doc/fontforge/prefs-editing.png
/usr/share/doc/fontforge/prefs-font.png
/usr/share/doc/fontforge/prefs-generate.png
/usr/share/doc/fontforge/prefs-generic.png
/usr/share/doc/fontforge/prefs-macfeat.png
/usr/share/doc/fontforge/prefs-macmap.png
/usr/share/doc/fontforge/prefs-navigation.png
/usr/share/doc/fontforge/prefs-newfont.png
/usr/share/doc/fontforge/prefs-openfont.png
/usr/share/doc/fontforge/prefs-opentype.png
/usr/share/doc/fontforge/prefs-pshints.png
/usr/share/doc/fontforge/prefs-script.png
/usr/share/doc/fontforge/prefs-sync.png
/usr/share/doc/fontforge/prefs-tt.png
/usr/share/doc/fontforge/prefs-ttinstrs.png
/usr/share/doc/fontforge/prefs.html
/usr/share/doc/fontforge/privatekey.png
/usr/share/doc/fontforge/privatekeymenu.png
/usr/share/doc/fontforge/problems.html
/usr/share/doc/fontforge/python.html
/usr/share/doc/fontforge/quadbezier.gif
/usr/share/doc/fontforge/quadbezier.png
/usr/share/doc/fontforge/quadraticspline.gif
/usr/share/doc/fontforge/quadraticspline.png
/usr/share/doc/fontforge/quotations.html
/usr/share/doc/fontforge/realindex.html
/usr/share/doc/fontforge/ref-caveats.html
/usr/share/doc/fontforge/removefeature.png
/usr/share/doc/fontforge/resedit.html
/usr/share/doc/fontforge/resedit.png
/usr/share/doc/fontforge/retagfeature.png
/usr/share/doc/fontforge/rgetinfo.png
/usr/share/doc/fontforge/rparen-108.png
/usr/share/doc/fontforge/rplprocess.png
/usr/share/doc/fontforge/rplref.png
/usr/share/doc/fontforge/rplsansserifs.png
/usr/share/doc/fontforge/rplserifs.png
/usr/share/doc/fontforge/ruler.png
/usr/share/doc/fontforge/running.html
/usr/share/doc/fontforge/sans-serif-def.png
/usr/share/doc/fontforge/script-A.png
/usr/share/doc/fontforge/script-lang-dlg.png
/usr/share/doc/fontforge/scripting-alpha.html
/usr/share/doc/fontforge/scripting-tutorial.html
/usr/share/doc/fontforge/scripting.html
/usr/share/doc/fontforge/scriptnotes.html
/usr/share/doc/fontforge/search.html
/usr/share/doc/fontforge/selectbyatt.html
/usr/share/doc/fontforge/selections.html
/usr/share/doc/fontforge/serif-def.png
/usr/share/doc/fontforge/serif.png
/usr/share/doc/fontforge/serif2.png
/usr/share/doc/fontforge/setwidth.png
/usr/share/doc/fontforge/sfd.html
/usr/share/doc/fontforge/sfdchangelog.html
/usr/share/doc/fontforge/sfddiff.html
/usr/share/doc/fontforge/sfdformat.html
/usr/share/doc/fontforge/short-long-s.png
/usr/share/doc/fontforge/showatt.html
/usr/share/doc/fontforge/showatt.png
/usr/share/doc/fontforge/sidebearings.png
/usr/share/doc/fontforge/sm-picture.png
/usr/share/doc/fontforge/source-build.html
/usr/share/doc/fontforge/spacekappaiotaspace.png
/usr/share/doc/fontforge/spacer1x20.png
/usr/share/doc/fontforge/spironextconstraint.png
/usr/share/doc/fontforge/spiropointinfo.png
/usr/share/doc/fontforge/spiroprevconstraint.png
/usr/share/doc/fontforge/splinefont.html
/usr/share/doc/fontforge/splines.gif
/usr/share/doc/fontforge/src.html
/usr/share/doc/fontforge/statemachine-context.png
/usr/share/doc/fontforge/statemachine-indic.png
/usr/share/doc/fontforge/statemachine-insert.png
/usr/share/doc/fontforge/statemachine.html
/usr/share/doc/fontforge/strokechar.png
/usr/share/doc/fontforge/subtable-ffi.png
/usr/share/doc/fontforge/subtable-gpos-anchor.png
/usr/share/doc/fontforge/subtable-gpos-kernpair.png
/usr/share/doc/fontforge/subtable-gpos-singlefull.png
/usr/share/doc/fontforge/subtable-gpos-singlehide.png
/usr/share/doc/fontforge/subtable-gsub-ligature.png
/usr/share/doc/fontforge/subtable-gsub-single.png
/usr/share/doc/fontforge/subtable-oldstyle.png
/usr/share/doc/fontforge/subtable-to.png
/usr/share/doc/fontforge/tilepath-center.png
/usr/share/doc/fontforge/tilepath-final.png
/usr/share/doc/fontforge/tilepath-left.png
/usr/share/doc/fontforge/tilepath-orig.png
/usr/share/doc/fontforge/tilepath-right.png
/usr/share/doc/fontforge/tilepath-scale.png
/usr/share/doc/fontforge/tilepath-selection.png
/usr/share/doc/fontforge/tilepath-tile.png
/usr/share/doc/fontforge/tilepath-ts.png
/usr/share/doc/fontforge/tilepath.html
/usr/share/doc/fontforge/tools.png
/usr/share/doc/fontforge/toolsmenu.html
/usr/share/doc/fontforge/transform.html
/usr/share/doc/fontforge/transform.png
/usr/share/doc/fontforge/transition-context.png
/usr/share/doc/fontforge/transition-indic.png
/usr/share/doc/fontforge/transition-insert.png
/usr/share/doc/fontforge/transition-kern.png
/usr/share/doc/fontforge/ttfinstrs-edit.png
/usr/share/doc/fontforge/ttfinstrs-view.png
/usr/share/doc/fontforge/ttfinstrs.html
/usr/share/doc/fontforge/tutorial-ja-hover.png
/usr/share/doc/fontforge/tutorial-ja.png
/usr/share/doc/fontforge/tutorial-zh_TW-hover.png
/usr/share/doc/fontforge/tutorial-zh_TW.png
/usr/share/doc/fontforge/twolines.png
/usr/share/doc/fontforge/u432Italic.png
/usr/share/doc/fontforge/u433Italic.png
/usr/share/doc/fontforge/ucEItalic.png
/usr/share/doc/fontforge/uitranslationnotes.html
/usr/share/doc/fontforge/uninstall.html
/usr/share/doc/fontforge/vItalic.png
/usr/share/doc/fontforge/validation.html
/usr/share/doc/fontforge/validation.png
/usr/share/doc/fontforge/viewmenu.html
/usr/share/doc/fontforge/views.html
/usr/share/doc/fontforge/vms-install.html
/usr/share/doc/fontforge/wItalic.png
/usr/share/doc/fontforge/wacom.html
/usr/share/doc/fontforge/windowmenu.html
/usr/share/doc/fontforge/x-height.png
/usr/share/doc/fontforge/xItalic.png
/usr/share/doc/fontforge/xim.html
/usr/share/doc/fontforge/xres.html
/usr/share/fontforge/Adobe-CNS1-6.cidmap
/usr/share/fontforge/Adobe-GB1-5.cidmap
/usr/share/fontforge/Adobe-Identity-0.cidmap
/usr/share/fontforge/Adobe-Japan1-5.cidmap
/usr/share/fontforge/Adobe-Japan1-6.cidmap
/usr/share/fontforge/Adobe-Japan2-0.cidmap
/usr/share/fontforge/Adobe-Korea1-2.cidmap
/usr/share/fontforge/hotkeys/default
/usr/share/fontforge/nodejs/collabwebview/client.html
/usr/share/fontforge/nodejs/collabwebview/css/print.css
/usr/share/fontforge/nodejs/collabwebview/css/styles.css
/usr/share/fontforge/nodejs/collabwebview/index.html
/usr/share/fontforge/nodejs/collabwebview/js/constants.js
/usr/share/fontforge/nodejs/collabwebview/js/contentEditable/component.json
/usr/share/fontforge/nodejs/collabwebview/js/contentEditable/contenteditable.jquery.json
/usr/share/fontforge/nodejs/collabwebview/js/contentEditable/example.html
/usr/share/fontforge/nodejs/collabwebview/js/contentEditable/jquery.contenteditable.js
/usr/share/fontforge/nodejs/collabwebview/js/fontdrag.js
/usr/share/fontforge/nodejs/collabwebview/js/jquery-1.9.1.min.js
/usr/share/fontforge/nodejs/collabwebview/js/jquery.masonry.min.js
/usr/share/fontforge/nodejs/collabwebview/js/otfeatures.js
/usr/share/fontforge/nodejs/collabwebview/package.json
/usr/share/fontforge/nodejs/collabwebview/server.js
/usr/share/fontforge/pixmaps/Cantarell-Bold.ttf
/usr/share/fontforge/pixmaps/Cantarell-BoldOblique.ttf
/usr/share/fontforge/pixmaps/Cantarell-Oblique.ttf
/usr/share/fontforge/pixmaps/Cantarell-Regular.ttf
/usr/share/fontforge/pixmaps/Inconsolata-Bold.ttf
/usr/share/fontforge/pixmaps/Inconsolata-Regular.ttf
/usr/share/fontforge/pixmaps/OFL.txt
/usr/share/fontforge/pixmaps/changeweight.png
/usr/share/fontforge/pixmaps/charviewicon.xbm
/usr/share/fontforge/pixmaps/check_off.png
/usr/share/fontforge/pixmaps/check_on.png
/usr/share/fontforge/pixmaps/chooseraudio.png
/usr/share/fontforge/pixmaps/chooserback.png
/usr/share/fontforge/pixmaps/chooserbookmark.png
/usr/share/fontforge/pixmaps/choosercid.png
/usr/share/fontforge/pixmaps/choosercompressed.png
/usr/share/fontforge/pixmaps/chooserconfigtool.png
/usr/share/fontforge/pixmaps/choosercore.png
/usr/share/fontforge/pixmaps/chooserdir.png
/usr/share/fontforge/pixmaps/chooserforward.png
/usr/share/fontforge/pixmaps/chooserhomefolder.png
/usr/share/fontforge/pixmaps/chooserimage.png
/usr/share/fontforge/pixmaps/choosermac.png
/usr/share/fontforge/pixmaps/choosermacttf.png
/usr/share/fontforge/pixmaps/choosernobookmark.png
/usr/share/fontforge/pixmaps/chooserobject.png
/usr/share/fontforge/pixmaps/choosersfdir.png
/usr/share/fontforge/pixmaps/choosertar.png
/usr/share/fontforge/pixmaps/choosertextbdf.png
/usr/share/fontforge/pixmaps/choosertextc.png
/usr/share/fontforge/pixmaps/choosertextcss.png
/usr/share/fontforge/pixmaps/choosertextfontps.png
/usr/share/fontforge/pixmaps/choosertextfontsfd.png
/usr/share/fontforge/pixmaps/choosertexthtml.png
/usr/share/fontforge/pixmaps/choosertextjava.png
/usr/share/fontforge/pixmaps/choosertextmake.png
/usr/share/fontforge/pixmaps/choosertextplain.png
/usr/share/fontforge/pixmaps/choosertextps.png
/usr/share/fontforge/pixmaps/choosertextxml.png
/usr/share/fontforge/pixmaps/chooserttf.png
/usr/share/fontforge/pixmaps/chooserunknown.png
/usr/share/fontforge/pixmaps/chooserupdir.png
/usr/share/fontforge/pixmaps/chooservideo.png
/usr/share/fontforge/pixmaps/colorwheel.png
/usr/share/fontforge/pixmaps/downarrow.png
/usr/share/fontforge/pixmaps/editclear.png
/usr/share/fontforge/pixmaps/editclearback.png
/usr/share/fontforge/pixmaps/editcopy.png
/usr/share/fontforge/pixmaps/editcopyfg2bg.png
/usr/share/fontforge/pixmaps/editcopylayer2layer.png
/usr/share/fontforge/pixmaps/editcopylbearing.png
/usr/share/fontforge/pixmaps/editcopylookupdata.png
/usr/share/fontforge/pixmaps/editcopyrbearing.png
/usr/share/fontforge/pixmaps/editcopyref.png
/usr/share/fontforge/pixmaps/editcopyvwidth.png
/usr/share/fontforge/pixmaps/editcopywidth.png
/usr/share/fontforge/pixmaps/editcut.png
/usr/share/fontforge/pixmaps/editfind.png
/usr/share/fontforge/pixmaps/editjoin.png
/usr/share/fontforge/pixmaps/editmerge.png
/usr/share/fontforge/pixmaps/editmergetoline.png
/usr/share/fontforge/pixmaps/editpaste.png
/usr/share/fontforge/pixmaps/editpasteafter.png
/usr/share/fontforge/pixmaps/editpasteinto.png
/usr/share/fontforge/pixmaps/editredo.png
/usr/share/fontforge/pixmaps/editrmundoes.png
/usr/share/fontforge/pixmaps/editrplref.png
/usr/share/fontforge/pixmaps/editsameas.png
/usr/share/fontforge/pixmaps/editselect.png
/usr/share/fontforge/pixmaps/editundo.png
/usr/share/fontforge/pixmaps/editunlink.png
/usr/share/fontforge/pixmaps/elementaddextrema.png
/usr/share/fontforge/pixmaps/elementalign.png
/usr/share/fontforge/pixmaps/elementanticlock.png
/usr/share/fontforge/pixmaps/elementautotrace.png
/usr/share/fontforge/pixmaps/elementbdfinfo.png
/usr/share/fontforge/pixmaps/elementbitmapsavail.png
/usr/share/fontforge/pixmaps/elementbuildaccent.png
/usr/share/fontforge/pixmaps/elementbuildcomposite.png
/usr/share/fontforge/pixmaps/elementclockwise.png
/usr/share/fontforge/pixmaps/elementcomparefonts.png
/usr/share/fontforge/pixmaps/elementcomparelayers.png
/usr/share/fontforge/pixmaps/elementcorrectdir.png
/usr/share/fontforge/pixmaps/elementexpandstroke.png
/usr/share/fontforge/pixmaps/elementfindprobs.png
/usr/share/fontforge/pixmaps/elementfontinfo.png
/usr/share/fontforge/pixmaps/elementgetinfo.png
/usr/share/fontforge/pixmaps/elementglyphinfo.png
/usr/share/fontforge/pixmaps/elementhbaselines.png
/usr/share/fontforge/pixmaps/elementinterpolatefonts.png
/usr/share/fontforge/pixmaps/elementmathinfo.png
/usr/share/fontforge/pixmaps/elementmergefonts.png
/usr/share/fontforge/pixmaps/elementorder.png
/usr/share/fontforge/pixmaps/elementotherinfo.png
/usr/share/fontforge/pixmaps/elementregenbitmaps.png
/usr/share/fontforge/pixmaps/elementremovebitmaps.png
/usr/share/fontforge/pixmaps/elementrenameglyph.png
/usr/share/fontforge/pixmaps/elementround.png
/usr/share/fontforge/pixmaps/elementshowdep.png
/usr/share/fontforge/pixmaps/elementsimplify.png
/usr/share/fontforge/pixmaps/elementstyles.png
/usr/share/fontforge/pixmaps/elementtilepath.png
/usr/share/fontforge/pixmaps/elementtilepattern.png
/usr/share/fontforge/pixmaps/elementtransform.png
/usr/share/fontforge/pixmaps/elementvalidate.png
/usr/share/fontforge/pixmaps/elementvbaselines.png
/usr/share/fontforge/pixmaps/exclude.png
/usr/share/fontforge/pixmaps/extendcondense.png
/usr/share/fontforge/pixmaps/fflogo.png
/usr/share/fontforge/pixmaps/fflogo13.png
/usr/share/fontforge/pixmaps/ffsplash1.png
/usr/share/fontforge/pixmaps/ffsplash2.png
/usr/share/fontforge/pixmaps/ffsplash3.png
/usr/share/fontforge/pixmaps/fileclose.png
/usr/share/fontforge/pixmaps/fileclose2.png
/usr/share/fontforge/pixmaps/filedisplay.png
/usr/share/fontforge/pixmaps/fileexecute.png
/usr/share/fontforge/pixmaps/fileexport.png
/usr/share/fontforge/pixmaps/filegenerate.png
/usr/share/fontforge/pixmaps/filegeneratefamily.png
/usr/share/fontforge/pixmaps/fileimport.png
/usr/share/fontforge/pixmaps/filemergefeature.png
/usr/share/fontforge/pixmaps/filenew.png
/usr/share/fontforge/pixmaps/fileopen.png
/usr/share/fontforge/pixmaps/fileprefs.png
/usr/share/fontforge/pixmaps/fileprint.png
/usr/share/fontforge/pixmaps/filequit.png
/usr/share/fontforge/pixmaps/filerecent.png
/usr/share/fontforge/pixmaps/filerevert.png
/usr/share/fontforge/pixmaps/filerevertbackup.png
/usr/share/fontforge/pixmaps/filerevertglyph.png
/usr/share/fontforge/pixmaps/filesave.png
/usr/share/fontforge/pixmaps/filesaveall.png
/usr/share/fontforge/pixmaps/filesaveas.png
/usr/share/fontforge/pixmaps/findinter.png
/usr/share/fontforge/pixmaps/fliphor.png
/usr/share/fontforge/pixmaps/flipvert.png
/usr/share/fontforge/pixmaps/fontview2.xbm
/usr/share/fontforge/pixmaps/helpabout.png
/usr/share/fontforge/pixmaps/helphelp.png
/usr/share/fontforge/pixmaps/helpindex.png
/usr/share/fontforge/pixmaps/hintsadddstem.png
/usr/share/fontforge/pixmaps/hintsaddhstem.png
/usr/share/fontforge/pixmaps/hintsaddvstem.png
/usr/share/fontforge/pixmaps/hintsautohint.png
/usr/share/fontforge/pixmaps/hintscleardstems.png
/usr/share/fontforge/pixmaps/hintsclearhstems.png
/usr/share/fontforge/pixmaps/hintsclearvstems.png
/usr/share/fontforge/pixmaps/hintsdontautohint.png
/usr/share/fontforge/pixmaps/hintsreviewhints.png
/usr/share/fontforge/pixmaps/inline.png
/usr/share/fontforge/pixmaps/intersection.png
/usr/share/fontforge/pixmaps/logo.xbm
/usr/share/fontforge/pixmaps/menuempty.png
/usr/share/fontforge/pixmaps/metricscenter.png
/usr/share/fontforge/pixmaps/metricssetlbearing.png
/usr/share/fontforge/pixmaps/metricssetrbearing.png
/usr/share/fontforge/pixmaps/metricssetvwidth.png
/usr/share/fontforge/pixmaps/metricssetwidth.png
/usr/share/fontforge/pixmaps/oblique.png
/usr/share/fontforge/pixmaps/outline.png
/usr/share/fontforge/pixmaps/overlapexclude.png
/usr/share/fontforge/pixmaps/overlapfindinter.png
/usr/share/fontforge/pixmaps/overlapintersection.png
/usr/share/fontforge/pixmaps/overlaprm.png
/usr/share/fontforge/pixmaps/palette3drotate.png
/usr/share/fontforge/pixmaps/palettecorner.png
/usr/share/fontforge/pixmaps/palettecurve.png
/usr/share/fontforge/pixmaps/paletteelipse.png
/usr/share/fontforge/pixmaps/paletteflip.png
/usr/share/fontforge/pixmaps/palettefreehand.png
/usr/share/fontforge/pixmaps/palettehand.png
/usr/share/fontforge/pixmaps/palettehvcurve.png
/usr/share/fontforge/pixmaps/paletteknife.png
/usr/share/fontforge/pixmaps/paletteline.png
/usr/share/fontforge/pixmaps/palettemagnify.png
/usr/share/fontforge/pixmaps/palettepen.png
/usr/share/fontforge/pixmaps/palettepencil.png
/usr/share/fontforge/pixmaps/paletteperspective.png
/usr/share/fontforge/pixmaps/palettepointer.png
/usr/share/fontforge/pixmaps/palettepoly.png
/usr/share/fontforge/pixmaps/paletterect.png
/usr/share/fontforge/pixmaps/paletterotate.png
/usr/share/fontforge/pixmaps/paletteruler.png
/usr/share/fontforge/pixmaps/palettescale.png
/usr/share/fontforge/pixmaps/paletteshift.png
/usr/share/fontforge/pixmaps/paletteskew.png
/usr/share/fontforge/pixmaps/palettesmall3drotate.png
/usr/share/fontforge/pixmaps/palettesmallcorner.png
/usr/share/fontforge/pixmaps/palettesmallcurve.png
/usr/share/fontforge/pixmaps/palettesmallelipse.png
/usr/share/fontforge/pixmaps/palettesmallflip.png
/usr/share/fontforge/pixmaps/palettesmallhand.png
/usr/share/fontforge/pixmaps/palettesmallhvcurve.png
/usr/share/fontforge/pixmaps/palettesmallknife.png
/usr/share/fontforge/pixmaps/palettesmallmag.png
/usr/share/fontforge/pixmaps/palettesmallpen.png
/usr/share/fontforge/pixmaps/palettesmallpencil.png
/usr/share/fontforge/pixmaps/palettesmallperspective.png
/usr/share/fontforge/pixmaps/palettesmallpointer.png
/usr/share/fontforge/pixmaps/palettesmallpoly.png
/usr/share/fontforge/pixmaps/palettesmallrect.png
/usr/share/fontforge/pixmaps/palettesmallrotate.png
/usr/share/fontforge/pixmaps/palettesmallruler.png
/usr/share/fontforge/pixmaps/palettesmallscale.png
/usr/share/fontforge/pixmaps/palettesmallskew.png
/usr/share/fontforge/pixmaps/palettesmallspirocorner.png
/usr/share/fontforge/pixmaps/palettesmallspirocurve.png
/usr/share/fontforge/pixmaps/palettesmallspirog2curve.png
/usr/share/fontforge/pixmaps/palettesmallspiroleft.png
/usr/share/fontforge/pixmaps/palettesmallspiroright.png
/usr/share/fontforge/pixmaps/palettesmallstar.png
/usr/share/fontforge/pixmaps/palettesmalltangent.png
/usr/share/fontforge/pixmaps/palettespirocorner.png
/usr/share/fontforge/pixmaps/palettespirocurve.png
/usr/share/fontforge/pixmaps/palettespirodisabled.png
/usr/share/fontforge/pixmaps/palettespirodown.png
/usr/share/fontforge/pixmaps/palettespirog2curve.png
/usr/share/fontforge/pixmaps/palettespiroleft.png
/usr/share/fontforge/pixmaps/palettespiroright.png
/usr/share/fontforge/pixmaps/palettespiroup.png
/usr/share/fontforge/pixmaps/palettestar.png
/usr/share/fontforge/pixmaps/palettetangent.png
/usr/share/fontforge/pixmaps/pointsG2curve.png
/usr/share/fontforge/pixmaps/pointsaddanchor.png
/usr/share/fontforge/pixmaps/pointscorner.png
/usr/share/fontforge/pixmaps/pointscurve.png
/usr/share/fontforge/pixmaps/pointshvcurve.png
/usr/share/fontforge/pixmaps/pointsmakearc.png
/usr/share/fontforge/pixmaps/pointsmakeline.png
/usr/share/fontforge/pixmaps/pointsnamecontour.png
/usr/share/fontforge/pixmaps/pointsnamepoint.png
/usr/share/fontforge/pixmaps/pointsspironext.png
/usr/share/fontforge/pixmaps/pointsspiroprev.png
/usr/share/fontforge/pixmaps/pointstangent.png
/usr/share/fontforge/pixmaps/ptinfocorner.png
/usr/share/fontforge/pixmaps/ptinfocurve.png
/usr/share/fontforge/pixmaps/ptinfohvcurve.png
/usr/share/fontforge/pixmaps/ptinfotangent.png
/usr/share/fontforge/pixmaps/python.png
/usr/share/fontforge/pixmaps/radio_off.png
/usr/share/fontforge/pixmaps/radio_on.png
/usr/share/fontforge/pixmaps/resources
/usr/share/fontforge/pixmaps/rmoverlap.png
/usr/share/fontforge/pixmaps/rotate180.png
/usr/share/fontforge/pixmaps/rotateccw.png
/usr/share/fontforge/pixmaps/rotatecw.png
/usr/share/fontforge/pixmaps/selectblue.png
/usr/share/fontforge/pixmaps/selectcyan.png
/usr/share/fontforge/pixmaps/selectdefault.png
/usr/share/fontforge/pixmaps/selectgreen.png
/usr/share/fontforge/pixmaps/selectmagenta.png
/usr/share/fontforge/pixmaps/selectred.png
/usr/share/fontforge/pixmaps/selectwhite.png
/usr/share/fontforge/pixmaps/selectyellow.png
/usr/share/fontforge/pixmaps/shadow.png
/usr/share/fontforge/pixmaps/skew.png
/usr/share/fontforge/pixmaps/styleschangeweight.png
/usr/share/fontforge/pixmaps/styleschangexheight.png
/usr/share/fontforge/pixmaps/stylesextendcondense.png
/usr/share/fontforge/pixmaps/stylesinline.png
/usr/share/fontforge/pixmaps/stylesitalic.png
/usr/share/fontforge/pixmaps/stylesoblique.png
/usr/share/fontforge/pixmaps/stylesoutline.png
/usr/share/fontforge/pixmaps/stylesshadow.png
/usr/share/fontforge/pixmaps/stylessmallcaps.png
/usr/share/fontforge/pixmaps/stylessubsuper.png
/usr/share/fontforge/pixmaps/styleswireframe.png
/usr/share/fontforge/pixmaps/text12210.png
/usr/share/fontforge/pixmaps/tools3drotate.png
/usr/share/fontforge/pixmaps/toolselipse.png
/usr/share/fontforge/pixmaps/toolsflip.png
/usr/share/fontforge/pixmaps/toolsfreehand.png
/usr/share/fontforge/pixmaps/toolsknife.png
/usr/share/fontforge/pixmaps/toolsmagnify.png
/usr/share/fontforge/pixmaps/toolspen.png
/usr/share/fontforge/pixmaps/toolsperspective.png
/usr/share/fontforge/pixmaps/toolspointer.png
/usr/share/fontforge/pixmaps/toolspolygon.png
/usr/share/fontforge/pixmaps/toolsrect.png
/usr/share/fontforge/pixmaps/toolsrotate.png
/usr/share/fontforge/pixmaps/toolsruler.png
/usr/share/fontforge/pixmaps/toolsscale.png
/usr/share/fontforge/pixmaps/toolsscroll.png
/usr/share/fontforge/pixmaps/toolsskew.png
/usr/share/fontforge/pixmaps/toolsspiro.png
/usr/share/fontforge/pixmaps/toolsstar.png
/usr/share/fontforge/pixmaps/transformfliphor.png
/usr/share/fontforge/pixmaps/transformflipvert.png
/usr/share/fontforge/pixmaps/transformrotate180.png
/usr/share/fontforge/pixmaps/transformrotateccw.png
/usr/share/fontforge/pixmaps/transformrotatecw.png
/usr/share/fontforge/pixmaps/transformskew.png
/usr/share/fontforge/pixmaps/ttdebugcontinue.png
/usr/share/fontforge/pixmaps/ttdebugexit.png
/usr/share/fontforge/pixmaps/ttdebugmenudelta.png
/usr/share/fontforge/pixmaps/ttdebugstepinto.png
/usr/share/fontforge/pixmaps/ttdebugstepout.png
/usr/share/fontforge/pixmaps/ttdebugstepover.png
/usr/share/fontforge/pixmaps/ttdebugstop.png
/usr/share/fontforge/pixmaps/ttdebugstopped.png
/usr/share/fontforge/pixmaps/ttdebugwatchpnt.png
/usr/share/fontforge/pixmaps/viewbiggersize.png
/usr/share/fontforge/pixmaps/viewfindinfont.png
/usr/share/fontforge/pixmaps/viewfit.png
/usr/share/fontforge/pixmaps/viewformer.png
/usr/share/fontforge/pixmaps/viewgoto.png
/usr/share/fontforge/pixmaps/viewinsertafter.png
/usr/share/fontforge/pixmaps/viewinsertbefore.png
/usr/share/fontforge/pixmaps/viewlayers.png
/usr/share/fontforge/pixmaps/viewnext.png
/usr/share/fontforge/pixmaps/viewnextdef.png
/usr/share/fontforge/pixmaps/viewpalettes.png
/usr/share/fontforge/pixmaps/viewprev.png
/usr/share/fontforge/pixmaps/viewprevdef.png
/usr/share/fontforge/pixmaps/viewreplace.png
/usr/share/fontforge/pixmaps/viewsmallersize.png
/usr/share/fontforge/pixmaps/viewzoomin.png
/usr/share/fontforge/pixmaps/viewzoomout.png
/usr/share/fontforge/pixmaps/wireframe.png
/usr/share/fontforge/prefs
/usr/share/fontforge/python/collab/sessionjoin-and-change-c.py
/usr/share/fontforge/python/collab/sessionjoin-and-save-to-out.sfd.py
/usr/share/fontforge/python/collab/sessionstart.py
/usr/share/fontforge/python/collab/web-test-collab.py
/usr/share/fontforge/python/excepthook.py
/usr/share/fontforge/python/gdraw/README
/usr/share/fontforge/python/gdraw/__init__.py
/usr/share/fontforge/python/gdraw/_gdraw.py
/usr/share/fontforge/python/gdraw/gdraw.html
/usr/share/fontforge/python/gdraw/gdraw.py
/usr/share/fontforge/python/simple/expand-a.py
/usr/share/fontforge/python/simple/load-font-and-show-name.py
/usr/share/fontforge/python/test.sfd
/usr/share/fontforge/python/webcollab.py
/usr/share/locale/ca/LC_MESSAGES/FontForge.mo
/usr/share/locale/de/LC_MESSAGES/FontForge.mo
/usr/share/locale/el/LC_MESSAGES/FontForge.mo
/usr/share/locale/en_GB/LC_MESSAGES/FontForge.mo
/usr/share/locale/es/LC_MESSAGES/FontForge.mo
/usr/share/locale/fr/LC_MESSAGES/FontForge.mo
/usr/share/locale/it/LC_MESSAGES/FontForge.mo
/usr/share/locale/ja/LC_MESSAGES/FontForge.mo
/usr/share/locale/ko/LC_MESSAGES/FontForge.mo
/usr/share/locale/ml/LC_MESSAGES/FontForge.mo
/usr/share/locale/pl/LC_MESSAGES/FontForge.mo
/usr/share/locale/pt/LC_MESSAGES/FontForge.mo
/usr/share/locale/ru/LC_MESSAGES/FontForge.mo
/usr/share/locale/uk/LC_MESSAGES/FontForge.mo
/usr/share/locale/vi/LC_MESSAGES/FontForge.mo
/usr/share/locale/zh_CN/LC_MESSAGES/FontForge.mo
/usr/share/locale/zh_TW/LC_MESSAGES/FontForge.mo
/usr/share/man/man1/fontforge.1
/usr/share/man/man1/fontimage.1
/usr/share/man/man1/fontlint.1
/usr/share/man/man1/sfddiff.1
